Sender: LSF System <hpcadmin@gl-mpc-037>
Subject: Job 84760: <merrygoround> Done

Job <merrygoround> was submitted from host <gl-log-001> by user <michael.waterworth> in cluster <gl-log-004_cluster1>.
Job was executed on host(s) <12*gl-mpc-037>, in queue <q_gl_mpc_work>, as user <michael.waterworth> in cluster <gl-log-004_cluster1>.
                            <4*gl-mpc-053>
</home/michael.waterworth> was used as the home directory.
</home/michael.waterworth/merrygoround> was used as the working directory.
Started at Mon Nov  3 11:35:51 2014
Results reported at Mon Nov  3 11:35:59 2014

Your job looked like:

------------------------------------------------------------
# LSBATCH: User input
#!/bin/bash --login
#BSUB -J merrygoround
#BSUB -o merrygoround.out
#BSUB -e merrygoround.err
#BSUB -W 01:00
##BSUB -P samXXXX
##BSUB -U samXXXX
#BSUB -n 16
BSUB -R "span[ptile=1]"

module purge
module load compiler/intel
module load mpi/intel

mpirun -np $LSB_DJOB_NUMPROC ./merrygoround >& merrygoround.log.$LSB_JOBID

------------------------------------------------------------

Successfully completed.

Resource usage summary:

    CPU time   :      6.55 sec.
    Max Memory :         4 MB
    Max Swap   :       220 MB

    Max Processes  :         5
    Max Threads    :         9

The output (if any) follows:



PS:

Read file <merrygoround.err> for stderr output of this job.